# JRE version: Java(TM) SE Runtime Environment (8.0_191-b12) (build 1.8.0_191-b12)
# Java VM: Java HotSpot(TM) 64-Bit Server VM (25.191-b12 mixed mode windows-amd64 compressed oops)
Heap:
 PSYoungGen      total 572416K, used 350288K [0x00000000d6100000, 0x00000000fe300000, 0x0000000100000000)
  eden space 499200K, 59% used [0x00000000d6100000,0x00000000e8557200,0x00000000f4880000)
  from space 73216K, 69% used [0x00000000f4880000,0x00000000f7a3cec0,0x00000000f9000000)
  to   space 75264K, 0% used [0x00000000f9980000,0x00000000f9980000,0x00000000fe300000)
 ParOldGen       total 286720K, used 186089K [0x0000000082200000, 0x0000000093a00000, 0x00000000d6100000)
  object space 286720K, 64% used [0x0000000082200000,0x000000008d7ba448,0x0000000093a00000)
 Metaspace       used 61071K, capacity 62039K, committed 62464K, reserved 1103872K
  class space    used 7548K, capacity 7817K, committed 7936K, reserved 1048576K
GC Heap History (10 events):
Event: 80.641 GC heap before
{Heap before GC invocations=34 (full 7):
 PSYoungGen      total 537600K, used 513953K [0x00000000d6100000, 0x00000000fb200000, 0x0000000100000000)
  eden space 476160K, 100% used [0x00000000d6100000,0x00000000f3200000,0x00000000f3200000)
  from space 61440K, 61% used [0x00000000f7600000,0x00000000f9ae8688,0x00000000fb200000)
  to   space 65536K, 0% used [0x00000000f3200000,0x00000000f3200000,0x00000000f7200000)
 ParOldGen       total 286720K, used 186073K [0x0000000082200000, 0x0000000093a00000, 0x00000000d6100000)
  object space 286720K, 64% used [0x0000000082200000,0x000000008d7b6448,0x0000000093a00000)
 Metaspace       used 60798K, capacity 61763K, committed 62208K, reserved 1103872K
  class space    used 7542K, capacity 7813K, committed 7936K, reserved 1048576K
Event: 80.665 GC heap after
Heap after GC invocations=34 (full 7):
 PSYoungGen      total 541696K, used 38329K [0x00000000d6100000, 0x00000000fc300000, 0x0000000100000000)
  eden space 476160K, 0% used [0x00000000d6100000,0x00000000d6100000,0x00000000f3200000)
  from space 65536K, 58% used [0x00000000f3200000,0x00000000f576e6c0,0x00000000f7200000)
  to   space 65536K, 0% used [0x00000000f8300000,0x00000000f8300000,0x00000000fc300000)
 ParOldGen       total 286720K, used 186081K [0x0000000082200000, 0x0000000093a00000, 0x00000000d6100000)
  object space 286720K, 64% used [0x0000000082200000,0x000000008d7b8448,0x0000000093a00000)
 Metaspace       used 60798K, capacity 61763K, committed 62208K, reserved 1103872K
  class space    used 7542K, capacity 7813K, committed 7936K, reserved 1048576K
}
Event: 88.242 GC heap before
{Heap before GC invocations=35 (full 7):
 PSYoungGen      total 541696K, used 514489K [0x00000000d6100000, 0x00000000fc300000, 0x0000000100000000)
  eden space 476160K, 100% used [0x00000000d6100000,0x00000000f3200000,0x00000000f3200000)
  from space 65536K, 58% used [0x00000000f3200000,0x00000000f576e6c0,0x00000000f7200000)
  to   space 65536K, 0% used [0x00000000f8300000,0x00000000f8300000,0x00000000fc300000)
 ParOldGen       total 286720K, used 186081K [0x0000000082200000, 0x0000000093a00000, 0x00000000d6100000)
  object space 286720K, 64% used [0x0000000082200000,0x000000008d7b8448,0x0000000093a00000)
 Metaspace       used 60850K, capacity 61833K, committed 62464K, reserved 1103872K
  class space    used 7543K, capacity 7814K, committed 7936K, reserved 1048576K
Event: 88.260 GC heap after
Heap after GC invocations=35 (full 7):
 PSYoungGen      total 556544K, used 45878K [0x00000000d6100000, 0x00000000fc600000, 0x0000000100000000)
  eden space 491008K, 0% used [0x00000000d6100000,0x00000000d6100000,0x00000000f4080000)
  from space 65536K, 70% used [0x00000000f8300000,0x00000000fafcdb68,0x00000000fc300000)
  to   space 68096K, 0% used [0x00000000f4080000,0x00000000f4080000,0x00000000f8300000)
 ParOldGen       total 286720K, used 186081K [0x0000000082200000, 0x0000000093a00000, 0x00000000d6100000)
  object space 286720K, 64% used [0x0000000082200000,0x000000008d7b8448,0x0000000093a00000)
 Metaspace       used 60850K, capacity 61833K, committed 62464K, reserved 1103872K
  class space    used 7543K, capacity 7814K, committed 7936K, reserved 1048576K
}
Event: 96.442 GC heap before
{Heap before GC invocations=36 (full 7):
 PSYoungGen      total 556544K, used 536886K [0x00000000d6100000, 0x00000000fc600000, 0x0000000100000000)
  eden space 491008K, 100% used [0x00000000d6100000,0x00000000f4080000,0x00000000f4080000)
  from space 65536K, 70% used [0x00000000f8300000,0x00000000fafcdb68,0x00000000fc300000)
  to   space 68096K, 0% used [0x00000000f4080000,0x00000000f4080000,0x00000000f8300000)
 ParOldGen       total 286720K, used 186081K [0x0000000082200000, 0x0000000093a00000, 0x00000000d6100000)
  object space 286720K, 64% used [0x0000000082200000,0x000000008d7b8448,0x0000000093a00000)
 Metaspace       used 60991K, capacity 61963K, committed 62464K, reserved 1103872K
  class space    used 7547K, capacity 7815K, committed 7936K, reserved 1048576K
Event: 96.466 GC heap after
Heap after GC invocations=36 (full 7):
 PSYoungGen      total 559104K, used 47763K [0x00000000d6100000, 0x00000000fd480000, 0x0000000100000000)
  eden space 491008K, 0% used [0x00000000d6100000,0x00000000d6100000,0x00000000f4080000)
  from space 68096K, 70% used [0x00000000f4080000,0x00000000f6f24fb0,0x00000000f8300000)
  to   space 70144K, 0% used [0x00000000f9000000,0x00000000f9000000,0x00000000fd480000)
 ParOldGen       total 286720K, used 186089K [0x0000000082200000, 0x0000000093a00000, 0x00000000d6100000)
  object space 286720K, 64% used [0x0000000082200000,0x000000008d7ba448,0x0000000093a00000)
 Metaspace       used 60991K, capacity 61963K, committed 62464K, reserved 1103872K
  class space    used 7547K, capacity 7815K, committed 7936K, reserved 1048576K
}
Event: 117.811 GC heap before
{Heap before GC invocations=37 (full 7):
 PSYoungGen      total 559104K, used 538771K [0x00000000d6100000, 0x00000000fd480000, 0x0000000100000000)
  eden space 491008K, 100% used [0x00000000d6100000,0x00000000f4080000,0x00000000f4080000)
  from space 68096K, 70% used [0x00000000f4080000,0x00000000f6f24fb0,0x00000000f8300000)
  to   space 70144K, 0% used [0x00000000f9000000,0x00000000f9000000,0x00000000fd480000)
 ParOldGen       total 286720K, used 186089K [0x0000000082200000, 0x0000000093a00000, 0x00000000d6100000)
  object space 286720K, 64% used [0x0000000082200000,0x000000008d7ba448,0x0000000093a00000)
 Metaspace       used 61045K, capacity 61975K, committed 62464K, reserved 1103872K
  class space    used 7548K, capacity 7817K, committed 7936K, reserved 1048576K
Event: 117.841 GC heap after
Heap after GC invocations=37 (full 7):
 PSYoungGen      total 569344K, used 50844K [0x00000000d6100000, 0x00000000fd900000, 0x0000000100000000)
  eden space 499200K, 0% used [0x00000000d6100000,0x00000000d6100000,0x00000000f4880000)
  from space 70144K, 72% used [0x00000000f9000000,0x00000000fc1a7060,0x00000000fd480000)
  to   space 73216K, 0% used [0x00000000f4880000,0x00000000f4880000,0x00000000f9000000)
 ParOldGen       total 286720K, used 186089K [0x0000000082200000, 0x0000000093a00000, 0x00000000d6100000)
  object space 286720K, 64% used [0x0000000082200000,0x000000008d7ba448,0x0000000093a00000)
 Metaspace       used 61045K, capacity 61975K, committed 62464K, reserved 1103872K
  class space    used 7548K, capacity 7817K, committed 7936K, reserved 1048576K
}
Event: 152.220 GC heap before
{Heap before GC invocations=38 (full 7):
 PSYoungGen      total 569344K, used 550044K [0x00000000d6100000, 0x00000000fd900000, 0x0000000100000000)
  eden space 499200K, 100% used [0x00000000d6100000,0x00000000f4880000,0x00000000f4880000)
  from space 70144K, 72% used [0x00000000f9000000,0x00000000fc1a7060,0x00000000fd480000)
  to   space 73216K, 0% used [0x00000000f4880000,0x00000000f4880000,0x00000000f9000000)
 ParOldGen       total 286720K, used 186089K [0x0000000082200000, 0x0000000093a00000, 0x00000000d6100000)
  object space 286720K, 64% used [0x0000000082200000,0x000000008d7ba448,0x0000000093a00000)
 Metaspace       used 61063K, capacity 62039K, committed 62464K, reserved 1103872K
  class space    used 7548K, capacity 7817K, committed 7936K, reserved 1048576K
Event: 152.235 GC heap after
Heap after GC invocations=38 (full 7):
 PSYoungGen      total 572416K, used 50931K [0x00000000d6100000, 0x00000000fe300000, 0x0000000100000000)
  eden space 499200K, 0% used [0x00000000d6100000,0x00000000d6100000,0x00000000f4880000)
  from space 73216K, 69% used [0x00000000f4880000,0x00000000f7a3cec0,0x00000000f9000000)
  to   space 75264K, 0% used [0x00000000f9980000,0x00000000f9980000,0x00000000fe300000)
 ParOldGen       total 286720K, used 186089K [0x0000000082200000, 0x0000000093a00000, 0x00000000d6100000)
  object space 286720K, 64% used [0x0000000082200000,0x000000008d7ba448,0x0000000093a00000)
 Metaspace       used 61063K, capacity 62039K, committed 62464K, reserved 1103872K
  class space    used 7548K, capacity 7817K, committed 7936K, reserved 1048576K
}

