# JRE version: Java(TM) SE Runtime Environment (8.0_191-b12) (build 1.8.0_191-b12)
# Java VM: Java HotSpot(TM) 64-Bit Server VM (25.191-b12 mixed mode windows-amd64 compressed oops)
Heap:
 PSYoungGen      total 304128K, used 274338K [0x00000000d6100000, 0x00000000e9580000, 0x0000000100000000)
  eden space 292864K, 92% used [0x00000000d6100000,0x00000000e6a50830,0x00000000e7f00000)
  from space 11264K, 23% used [0x00000000e7f00000,0x00000000e8198020,0x00000000e8a00000)
  to   space 11264K, 0% used [0x00000000e8a80000,0x00000000e8a80000,0x00000000e9580000)
 ParOldGen       total 628224K, used 285918K [0x0000000082200000, 0x00000000a8780000, 0x00000000d6100000)
  object space 628224K, 45% used [0x0000000082200000,0x0000000093937938,0x00000000a8780000)
 Metaspace       used 62480K, capacity 63309K, committed 63744K, reserved 1105920K
  class space    used 7588K, capacity 7846K, committed 7936K, reserved 1048576K
GC Heap History (10 events):
Event: 6089.444 GC heap before
{Heap before GC invocations=1115 (full 10):
 PSYoungGen      total 302592K, used 301731K [0x00000000d6100000, 0x00000000e9880000, 0x0000000100000000)
  eden space 291328K, 100% used [0x00000000d6100000,0x00000000e7d80000,0x00000000e7d80000)
  from space 11264K, 92% used [0x00000000e8a00000,0x00000000e9428d10,0x00000000e9500000)
  to   space 12800K, 0% used [0x00000000e7d80000,0x00000000e7d80000,0x00000000e8a00000)
 ParOldGen       total 628224K, used 285814K [0x0000000082200000, 0x00000000a8780000, 0x00000000d6100000)
  object space 628224K, 45% used [0x0000000082200000,0x000000009391d978,0x00000000a8780000)
 Metaspace       used 62436K, capacity 63299K, committed 63744K, reserved 1105920K
  class space    used 7581K, capacity 7841K, committed 7936K, reserved 1048576K
Event: 6089.449 GC heap after
Heap after GC invocations=1115 (full 10):
 PSYoungGen      total 304128K, used 3668K [0x00000000d6100000, 0x00000000e9600000, 0x0000000100000000)
  eden space 291328K, 0% used [0x00000000d6100000,0x00000000d6100000,0x00000000e7d80000)
  from space 12800K, 28% used [0x00000000e7d80000,0x00000000e81153c8,0x00000000e8a00000)
  to   space 12288K, 0% used [0x00000000e8a00000,0x00000000e8a00000,0x00000000e9600000)
 ParOldGen       total 628224K, used 285814K [0x0000000082200000, 0x00000000a8780000, 0x00000000d6100000)
  object space 628224K, 45% used [0x0000000082200000,0x000000009391d978,0x00000000a8780000)
 Metaspace       used 62436K, capacity 63299K, committed 63744K, reserved 1105920K
  class space    used 7581K, capacity 7841K, committed 7936K, reserved 1048576K
}
Event: 6099.567 GC heap before
{Heap before GC invocations=1116 (full 10):
 PSYoungGen      total 304128K, used 294931K [0x00000000d6100000, 0x00000000e9600000, 0x0000000100000000)
  eden space 291328K, 99% used [0x00000000d6100000,0x00000000e7d6fc30,0x00000000e7d80000)
  from space 12800K, 28% used [0x00000000e7d80000,0x00000000e81153c8,0x00000000e8a00000)
  to   space 12288K, 0% used [0x00000000e8a00000,0x00000000e8a00000,0x00000000e9600000)
 ParOldGen       total 628224K, used 285814K [0x0000000082200000, 0x00000000a8780000, 0x00000000d6100000)
  object space 628224K, 45% used [0x0000000082200000,0x000000009391d978,0x00000000a8780000)
 Metaspace       used 62436K, capacity 63299K, committed 63744K, reserved 1105920K
  class space    used 7581K, capacity 7841K, committed 7936K, reserved 1048576K
Event: 6099.575 GC heap after
Heap after GC invocations=1116 (full 10):
 PSYoungGen      total 303104K, used 4195K [0x00000000d6100000, 0x00000000e9480000, 0x0000000100000000)
  eden space 292352K, 0% used [0x00000000d6100000,0x00000000d6100000,0x00000000e7e80000)
  from space 10752K, 39% used [0x00000000e8a00000,0x00000000e8e18d10,0x00000000e9480000)
  to   space 11264K, 0% used [0x00000000e7e80000,0x00000000e7e80000,0x00000000e8980000)
 ParOldGen       total 628224K, used 285814K [0x0000000082200000, 0x00000000a8780000, 0x00000000d6100000)
  object space 628224K, 45% used [0x0000000082200000,0x000000009391d978,0x00000000a8780000)
 Metaspace       used 62436K, capacity 63299K, committed 63744K, reserved 1105920K
  class space    used 7581K, capacity 7841K, committed 7936K, reserved 1048576K
}
Event: 6112.240 GC heap before
{Heap before GC invocations=1117 (full 10):
 PSYoungGen      total 303104K, used 296547K [0x00000000d6100000, 0x00000000e9480000, 0x0000000100000000)
  eden space 292352K, 100% used [0x00000000d6100000,0x00000000e7e80000,0x00000000e7e80000)
  from space 10752K, 39% used [0x00000000e8a00000,0x00000000e8e18d10,0x00000000e9480000)
  to   space 11264K, 0% used [0x00000000e7e80000,0x00000000e7e80000,0x00000000e8980000)
 ParOldGen       total 628224K, used 285814K [0x0000000082200000, 0x00000000a8780000, 0x00000000d6100000)
  object space 628224K, 45% used [0x0000000082200000,0x000000009391d978,0x00000000a8780000)
 Metaspace       used 62438K, capacity 63299K, committed 63744K, reserved 1105920K
  class space    used 7581K, capacity 7841K, committed 7936K, reserved 1048576K
Event: 6112.243 GC heap after
Heap after GC invocations=1117 (full 10):
 PSYoungGen      total 303616K, used 2608K [0x00000000d6100000, 0x00000000e9580000, 0x0000000100000000)
  eden space 292352K, 0% used [0x00000000d6100000,0x00000000d6100000,0x00000000e7e80000)
  from space 11264K, 23% used [0x00000000e7e80000,0x00000000e810c010,0x00000000e8980000)
  to   space 11264K, 0% used [0x00000000e8a80000,0x00000000e8a80000,0x00000000e9580000)
 ParOldGen       total 628224K, used 285822K [0x0000000082200000, 0x00000000a8780000, 0x00000000d6100000)
  object space 628224K, 45% used [0x0000000082200000,0x000000009391f978,0x00000000a8780000)
 Metaspace       used 62438K, capacity 63299K, committed 63744K, reserved 1105920K
  class space    used 7581K, capacity 7841K, committed 7936K, reserved 1048576K
}
Event: 6123.985 GC heap before
{Heap before GC invocations=1118 (full 10):
 PSYoungGen      total 303616K, used 294960K [0x00000000d6100000, 0x00000000e9580000, 0x0000000100000000)
  eden space 292352K, 100% used [0x00000000d6100000,0x00000000e7e80000,0x00000000e7e80000)
  from space 11264K, 23% used [0x00000000e7e80000,0x00000000e810c010,0x00000000e8980000)
  to   space 11264K, 0% used [0x00000000e8a80000,0x00000000e8a80000,0x00000000e9580000)
 ParOldGen       total 628224K, used 285822K [0x0000000082200000, 0x00000000a8780000, 0x00000000d6100000)
  object space 628224K, 45% used [0x0000000082200000,0x000000009391f978,0x00000000a8780000)
 Metaspace       used 62438K, capacity 63299K, committed 63744K, reserved 1105920K
  class space    used 7581K, capacity 7841K, committed 7936K, reserved 1048576K
Event: 6123.989 GC heap after
Heap after GC invocations=1118 (full 10):
 PSYoungGen      total 303616K, used 6624K [0x00000000d6100000, 0x00000000e9500000, 0x0000000100000000)
  eden space 292864K, 0% used [0x00000000d6100000,0x00000000d6100000,0x00000000e7f00000)
  from space 10752K, 61% used [0x00000000e8a80000,0x00000000e90f8020,0x00000000e9500000)
  to   space 11264K, 0% used [0x00000000e7f00000,0x00000000e7f00000,0x00000000e8a00000)
 ParOldGen       total 628224K, used 285822K [0x0000000082200000, 0x00000000a8780000, 0x00000000d6100000)
  object space 628224K, 45% used [0x0000000082200000,0x000000009391f978,0x00000000a8780000)
 Metaspace       used 62438K, capacity 63299K, committed 63744K, reserved 1105920K
  class space    used 7581K, capacity 7841K, committed 7936K, reserved 1048576K
}
Event: 6136.510 GC heap before
{Heap before GC invocations=1119 (full 10):
 PSYoungGen      total 303616K, used 299488K [0x00000000d6100000, 0x00000000e9500000, 0x0000000100000000)
  eden space 292864K, 100% used [0x00000000d6100000,0x00000000e7f00000,0x00000000e7f00000)
  from space 10752K, 61% used [0x00000000e8a80000,0x00000000e90f8020,0x00000000e9500000)
  to   space 11264K, 0% used [0x00000000e7f00000,0x00000000e7f00000,0x00000000e8a00000)
 ParOldGen       total 628224K, used 285822K [0x0000000082200000, 0x00000000a8780000, 0x00000000d6100000)
  object space 628224K, 45% used [0x0000000082200000,0x000000009391f978,0x00000000a8780000)
 Metaspace       used 62438K, capacity 63299K, committed 63744K, reserved 1105920K
  class space    used 7581K, capacity 7841K, committed 7936K, reserved 1048576K
Event: 6136.515 GC heap after
Heap after GC invocations=1119 (full 10):
 PSYoungGen      total 304128K, used 2656K [0x00000000d6100000, 0x00000000e9580000, 0x0000000100000000)
  eden space 292864K, 0% used [0x00000000d6100000,0x00000000d6100000,0x00000000e7f00000)
  from space 11264K, 23% used [0x00000000e7f00000,0x00000000e8198020,0x00000000e8a00000)
  to   space 11264K, 0% used [0x00000000e8a80000,0x00000000e8a80000,0x00000000e9580000)
 ParOldGen       total 628224K, used 285918K [0x0000000082200000, 0x00000000a8780000, 0x00000000d6100000)
  object space 628224K, 45% used [0x0000000082200000,0x0000000093937938,0x00000000a8780000)
 Metaspace       used 62438K, capacity 63299K, committed 63744K, reserved 1105920K
  class space    used 7581K, capacity 7841K, committed 7936K, reserved 1048576K
}

